Analysis & Synthesis report for reg_count_top
Tue Aug 22 18:01:59 2023
Quartus II 64-Bit Version 13.1.0 Build 162 10/23/2013 SJ Web Edition


---------------------
; Table of Contents ;
---------------------
  1. Legal Notice
  2. Analysis & Synthesis Summary
  3. Analysis & Synthesis Settings
  4. Parallel Compilation
  5. Analysis & Synthesis Source Files Read
  6. Analysis & Synthesis Resource Usage Summary
  7. Analysis & Synthesis Resource Utilization by Entity
  8. Registers Removed During Synthesis
  9. General Register Statistics
 10. Multiplexer Restructuring Statistics (Restructuring Performed)
 11. Port Connectivity Checks: "x7seg:DISP7SEG"
 12. Port Connectivity Checks: "reg_count:REGCOUNT|adder8:ADDER_BEHAVIORAL"
 13. Port Connectivity Checks: "reg_count:REGCOUNT"
 14. Port Connectivity Checks: "clock_pulse:CLKPULSE"
 15. Port Connectivity Checks: "clkdiv:DIVIDER"
 16. Elapsed Time Per Partition
 17. Analysis & Synthesis Messages



----------------
; Legal Notice ;
----------------
Copyright (C) 1991-2013 Altera Corporation
Your use of Altera Corporation's design tools, logic functions 
and other software and tools, and its AMPP partner logic 
functions, and any output files from any of the foregoing 
(including device programming or simulation files), and any 
associated documentation or information are expressly subject 
to the terms and conditions of the Altera Program License 
Subscription Agreement, Altera MegaCore Function License 
Agreement, or other applicable license agreement, including, 
without limitation, that your use is for the sole purpose of 
programming logic devices manufactured by Altera and sold by 
Altera or its authorized distributors.  Please refer to the 
applicable agreement for further details.



+---------------------------------------------------------------------------------+
; Analysis & Synthesis Summary                                                    ;
+------------------------------------+--------------------------------------------+
; Analysis & Synthesis Status        ; Successful - Tue Aug 22 18:01:59 2023      ;
; Quartus II 64-Bit Version          ; 13.1.0 Build 162 10/23/2013 SJ Web Edition ;
; Revision Name                      ; reg_count_top                              ;
; Top-level Entity Name              ; reg_count_top                              ;
; Family                             ; Cyclone IV E                               ;
; Total logic elements               ; 65                                         ;
;     Total combinational functions  ; 63                                         ;
;     Dedicated logic registers      ; 32                                         ;
; Total registers                    ; 32                                         ;
; Total pins                         ; 15                                         ;
; Total virtual pins                 ; 0                                          ;
; Total memory bits                  ; 0                                          ;
; Embedded Multiplier 9-bit elements ; 0                                          ;
; Total PLLs                         ; 0                                          ;
+------------------------------------+--------------------------------------------+


+----------------------------------------------------------------------------------------------------------------------+
; Analysis & Synthesis Settings                                                                                        ;
+----------------------------------------------------------------------------+--------------------+--------------------+
; Option                                                                     ; Setting            ; Default Value      ;
+----------------------------------------------------------------------------+--------------------+--------------------+
; Device                                                                     ; EP4CE6E22C8        ;                    ;
; Top-level entity name                                                      ; reg_count_top      ; reg_count_top      ;
; Family name                                                                ; Cyclone IV E       ; Cyclone IV GX      ;
; Use smart compilation                                                      ; Off                ; Off                ;
; Enable parallel Assembler and TimeQuest Timing Analyzer during compilation ; On                 ; On                 ;
; Enable compact report table                                                ; Off                ; Off                ;
; Restructure Multiplexers                                                   ; Auto               ; Auto               ;
; Create Debugging Nodes for IP Cores                                        ; Off                ; Off                ;
; Preserve fewer node names                                                  ; On                 ; On                 ;
; Disable OpenCore Plus hardware evaluation                                  ; Off                ; Off                ;
; Verilog Version                                                            ; Verilog_2001       ; Verilog_2001       ;
; VHDL Version                                                               ; VHDL_1993          ; VHDL_1993          ;
; State Machine Processing                                                   ; Auto               ; Auto               ;
; Safe State Machine                                                         ; Off                ; Off                ;
; Extract Verilog State Machines                                             ; On                 ; On                 ;
; Extract VHDL State Machines                                                ; On                 ; On                 ;
; Ignore Verilog initial constructs                                          ; Off                ; Off                ;
; Iteration limit for constant Verilog loops                                 ; 5000               ; 5000               ;
; Iteration limit for non-constant Verilog loops                             ; 250                ; 250                ;
; Add Pass-Through Logic to Inferred RAMs                                    ; On                 ; On                 ;
; Infer RAMs from Raw Logic                                                  ; On                 ; On                 ;
; Parallel Synthesis                                                         ; On                 ; On                 ;
; DSP Block Balancing                                                        ; Auto               ; Auto               ;
; NOT Gate Push-Back                                                         ; On                 ; On                 ;
; Power-Up Don't Care                                                        ; On                 ; On                 ;
; Remove Redundant Logic Cells                                               ; Off                ; Off                ;
; Remove Duplicate Registers                                                 ; On                 ; On                 ;
; Ignore CARRY Buffers                                                       ; Off                ; Off                ;
; Ignore CASCADE Buffers                                                     ; Off                ; Off                ;
; Ignore GLOBAL Buffers                                                      ; Off                ; Off                ;
; Ignore ROW GLOBAL Buffers                                                  ; Off                ; Off                ;
; Ignore LCELL Buffers                                                       ; Off                ; Off                ;
; Ignore SOFT Buffers                                                        ; On                 ; On                 ;
; Limit AHDL Integers to 32 Bits                                             ; Off                ; Off                ;
; Optimization Technique                                                     ; Balanced           ; Balanced           ;
; Carry Chain Length                                                         ; 70                 ; 70                 ;
; Auto Carry Chains                                                          ; On                 ; On                 ;
; Auto Open-Drain Pins                                                       ; On                 ; On                 ;
; Perform WYSIWYG Primitive Resynthesis                                      ; Off                ; Off                ;
; Auto ROM Replacement                                                       ; On                 ; On                 ;
; Auto RAM Replacement                                                       ; On                 ; On                 ;
; Auto DSP Block Replacement                                                 ; On                 ; On                 ;
; Auto Shift Register Replacement                                            ; Auto               ; Auto               ;
; Allow Shift Register Merging across Hierarchies                            ; Auto               ; Auto               ;
; Auto Clock Enable Replacement                                              ; On                 ; On                 ;
; Strict RAM Replacement                                                     ; Off                ; Off                ;
; Allow Synchronous Control Signals                                          ; On                 ; On                 ;
; Force Use of Synchronous Clear Signals                                     ; Off                ; Off                ;
; Auto RAM Block Balancing                                                   ; On                 ; On                 ;
; Auto RAM to Logic Cell Conversion                                          ; Off                ; Off                ;
; Auto Resource Sharing                                                      ; Off                ; Off                ;
; Allow Any RAM Size For Recognition                                         ; Off                ; Off                ;
; Allow Any ROM Size For Recognition                                         ; Off                ; Off                ;
; Allow Any Shift Register Size For Recognition                              ; Off                ; Off                ;
; Use LogicLock Constraints during Resource Balancing                        ; On                 ; On                 ;
; Ignore translate_off and synthesis_off directives                          ; Off                ; Off                ;
; Timing-Driven Synthesis                                                    ; On                 ; On                 ;
; Report Parameter Settings                                                  ; On                 ; On                 ;
; Report Source Assignments                                                  ; On                 ; On                 ;
; Report Connectivity Checks                                                 ; On                 ; On                 ;
; Ignore Maximum Fan-Out Assignments                                         ; Off                ; Off                ;
; Synchronization Register Chain Length                                      ; 2                  ; 2                  ;
; PowerPlay Power Optimization                                               ; Normal compilation ; Normal compilation ;
; HDL message level                                                          ; Level2             ; Level2             ;
; Suppress Register Optimization Related Messages                            ; Off                ; Off                ;
; Number of Removed Registers Reported in Synthesis Report                   ; 5000               ; 5000               ;
; Number of Swept Nodes Reported in Synthesis Report                         ; 5000               ; 5000               ;
; Number of Inverted Registers Reported in Synthesis Report                  ; 100                ; 100                ;
; Clock MUX Protection                                                       ; On                 ; On                 ;
; Auto Gated Clock Conversion                                                ; Off                ; Off                ;
; Block Design Naming                                                        ; Auto               ; Auto               ;
; SDC constraint protection                                                  ; Off                ; Off                ;
; Synthesis Effort                                                           ; Auto               ; Auto               ;
; Shift Register Replacement - Allow Asynchronous Clear Signal               ; On                 ; On                 ;
; Pre-Mapping Resynthesis Optimization                                       ; Off                ; Off                ;
; Analysis & Synthesis Message Level                                         ; Medium             ; Medium             ;
; Disable Register Merging Across Hierarchies                                ; Auto               ; Auto               ;
; Resource Aware Inference For Block RAM                                     ; On                 ; On                 ;
; Synthesis Seed                                                             ; 1                  ; 1                  ;
+----------------------------------------------------------------------------+--------------------+--------------------+


+------------------------------------------+
; Parallel Compilation                     ;
+----------------------------+-------------+
; Processors                 ; Number      ;
+----------------------------+-------------+
; Number detected on machine ; 12          ;
; Maximum allowed            ; 12          ;
;                            ;             ;
; Average used               ; 1.00        ;
; Maximum used               ; 2           ;
;                            ;             ;
; Usage by Processor         ; % Time Used ;
;     Processor 1            ; 100.0%      ;
;     Processor 2            ; < 0.1%      ;
;     Processors 3-12        ;   0.0%      ;
+----------------------------+-------------+


+---------------------------------------------------------------------------------------------------------------------------------------------+
; Analysis & Synthesis Source Files Read                                                                                                      ;
+----------------------------------+-----------------+-----------------------+------------------------------------------------------+---------+
; File Name with User-Entered Path ; Used in Netlist ; File Type             ; File Name with Absolute Path                         ; Library ;
+----------------------------------+-----------------+-----------------------+------------------------------------------------------+---------+
; reg_count_top.vhd                ; yes             ; User VHDL File        ; C:/Users/debor/Downloads/Ex14/Ex14/reg_count_top.vhd ;         ;
; reg_count.vhd                    ; yes             ; User VHDL File        ; C:/Users/debor/Downloads/Ex14/Ex14/reg_count.vhd     ;         ;
; reg.vhd                          ; yes             ; User VHDL File        ; C:/Users/debor/Downloads/Ex14/Ex14/reg.vhd           ;         ;
; mux88.vhd                        ; yes             ; User VHDL File        ; C:/Users/debor/Downloads/Ex14/Ex14/mux88.vhd         ;         ;
; clock_pulse.vhd                  ; yes             ; User VHDL File        ; C:/Users/debor/Downloads/Ex14/Ex14/clock_pulse.vhd   ;         ;
; clkdiv.vhd                       ; yes             ; User VHDL File        ; C:/Users/debor/Downloads/Ex14/Ex14/clkdiv.vhd        ;         ;
; adder8.vhd                       ; yes             ; User VHDL File        ; C:/Users/debor/Downloads/Ex14/Ex14/adder8.vhd        ;         ;
; x7seg.vhd                        ; yes             ; Auto-Found VHDL File  ; C:/Users/debor/Downloads/Ex14/Ex14/x7seg.vhd         ;         ;
+----------------------------------+-----------------+-----------------------+------------------------------------------------------+---------+


+----------------------------------------------------------+
; Analysis & Synthesis Resource Usage Summary              ;
+---------------------------------------------+------------+
; Resource                                    ; Usage      ;
+---------------------------------------------+------------+
; Estimated Total logic elements              ; 65         ;
;                                             ;            ;
; Total combinational functions               ; 63         ;
; Logic element usage by number of LUT inputs ;            ;
;     -- 4 input functions                    ; 11         ;
;     -- 3 input functions                    ; 3          ;
;     -- <=2 input functions                  ; 49         ;
;                                             ;            ;
; Logic elements by mode                      ;            ;
;     -- normal mode                          ; 22         ;
;     -- arithmetic mode                      ; 41         ;
;                                             ;            ;
; Total registers                             ; 32         ;
;     -- Dedicated logic registers            ; 32         ;
;     -- I/O registers                        ; 0          ;
;                                             ;            ;
; I/O pins                                    ; 15         ;
; Embedded Multiplier 9-bit elements          ; 0          ;
; Maximum fan-out node                        ; mclk~input ;
; Maximum fan-out                             ; 21         ;
; Total fan-out                               ; 246        ;
; Average fan-out                             ; 1.97       ;
+---------------------------------------------+------------+


+-------------------------------------------------------------------------------------------------------------------------------------------------------------------------------------------------+
; Analysis & Synthesis Resource Utilization by Entity                                                                                                                                             ;
+----------------------------+-------------------+--------------+-------------+--------------+---------+-----------+------+--------------+-----------------------------------------+--------------+
; Compilation Hierarchy Node ; LC Combinationals ; LC Registers ; Memory Bits ; DSP Elements ; DSP 9x9 ; DSP 18x18 ; Pins ; Virtual Pins ; Full Hierarchy Name                     ; Library Name ;
+----------------------------+-------------------+--------------+-------------+--------------+---------+-----------+------+--------------+-----------------------------------------+--------------+
; |reg_count_top             ; 63 (1)            ; 32 (0)       ; 0           ; 0            ; 0       ; 0         ; 15   ; 0            ; |reg_count_top                          ; work         ;
;    |clkdiv:DIVIDER|        ; 17 (17)           ; 1 (1)        ; 0           ; 0            ; 0       ; 0         ; 0    ; 0            ; |reg_count_top|clkdiv:DIVIDER           ; work         ;
;    |clock_pulse:CLKPULSE|  ; 2 (2)             ; 3 (3)        ; 0           ; 0            ; 0       ; 0         ; 0    ; 0            ; |reg_count_top|clock_pulse:CLKPULSE     ; work         ;
;    |reg_count:REGCOUNT|    ; 8 (0)             ; 8 (0)        ; 0           ; 0            ; 0       ; 0         ; 0    ; 0            ; |reg_count_top|reg_count:REGCOUNT       ; work         ;
;       |reg:R|              ; 8 (8)             ; 8 (8)        ; 0           ; 0            ; 0       ; 0         ; 0    ; 0            ; |reg_count_top|reg_count:REGCOUNT|reg:R ; work         ;
;    |x7seg:DISP7SEG|        ; 35 (35)           ; 20 (20)      ; 0           ; 0            ; 0       ; 0         ; 0    ; 0            ; |reg_count_top|x7seg:DISP7SEG           ; work         ;
+----------------------------+-------------------+--------------+-------------+--------------+---------+-----------+------+--------------+-----------------------------------------+--------------+
Note: For table entries with two numbers listed, the numbers in parentheses indicate the number of resources of the given type used by the specific entity alone. The numbers listed outside of parentheses indicate the total resources of the given type used by the specific entity and all of its sub-entities in the hierarchy.


+--------------------------------------------------------------------------------+
; Registers Removed During Synthesis                                             ;
+----------------------------------------+---------------------------------------+
; Register name                          ; Reason for Removal                    ;
+----------------------------------------+---------------------------------------+
; clkdiv:DIVIDER|q[0]                    ; Merged with x7seg:DISP7SEG|clkdiv[0]  ;
; clkdiv:DIVIDER|q[1]                    ; Merged with x7seg:DISP7SEG|clkdiv[1]  ;
; clkdiv:DIVIDER|q[2]                    ; Merged with x7seg:DISP7SEG|clkdiv[2]  ;
; clkdiv:DIVIDER|q[3]                    ; Merged with x7seg:DISP7SEG|clkdiv[3]  ;
; clkdiv:DIVIDER|q[4]                    ; Merged with x7seg:DISP7SEG|clkdiv[4]  ;
; clkdiv:DIVIDER|q[5]                    ; Merged with x7seg:DISP7SEG|clkdiv[5]  ;
; clkdiv:DIVIDER|q[6]                    ; Merged with x7seg:DISP7SEG|clkdiv[6]  ;
; clkdiv:DIVIDER|q[7]                    ; Merged with x7seg:DISP7SEG|clkdiv[7]  ;
; clkdiv:DIVIDER|q[8]                    ; Merged with x7seg:DISP7SEG|clkdiv[8]  ;
; clkdiv:DIVIDER|q[9]                    ; Merged with x7seg:DISP7SEG|clkdiv[9]  ;
; clkdiv:DIVIDER|q[10]                   ; Merged with x7seg:DISP7SEG|clkdiv[10] ;
; clkdiv:DIVIDER|q[11]                   ; Merged with x7seg:DISP7SEG|clkdiv[11] ;
; clkdiv:DIVIDER|q[12]                   ; Merged with x7seg:DISP7SEG|clkdiv[12] ;
; clkdiv:DIVIDER|q[13]                   ; Merged with x7seg:DISP7SEG|clkdiv[13] ;
; clkdiv:DIVIDER|q[14]                   ; Merged with x7seg:DISP7SEG|clkdiv[14] ;
; clkdiv:DIVIDER|q[15]                   ; Merged with x7seg:DISP7SEG|clkdiv[15] ;
; clkdiv:DIVIDER|q[16]                   ; Merged with x7seg:DISP7SEG|clkdiv[16] ;
; clkdiv:DIVIDER|q[18..23]               ; Lost fanout                           ;
; Total Number of Removed Registers = 23 ;                                       ;
+----------------------------------------+---------------------------------------+


+------------------------------------------------------+
; General Register Statistics                          ;
+----------------------------------------------+-------+
; Statistic                                    ; Value ;
+----------------------------------------------+-------+
; Total registers                              ; 32    ;
; Number of registers using Synchronous Clear  ; 0     ;
; Number of registers using Synchronous Load   ; 8     ;
; Number of registers using Asynchronous Clear ; 0     ;
; Number of registers using Asynchronous Load  ; 0     ;
; Number of registers using Clock Enable       ; 0     ;
; Number of registers using Preset             ; 0     ;
+----------------------------------------------+-------+


+--------------------------------------------------------------------------------------------------------------------------------------------------+
; Multiplexer Restructuring Statistics (Restructuring Performed)                                                                                   ;
+--------------------+-----------+---------------+----------------------+------------------------+------------+------------------------------------+
; Multiplexer Inputs ; Bus Width ; Baseline Area ; Area if Restructured ; Saving if Restructured ; Registered ; Example Multiplexer Output         ;
+--------------------+-----------+---------------+----------------------+------------------------+------------+------------------------------------+
; 4:1                ; 4 bits    ; 8 LEs         ; 8 LEs                ; 0 LEs                  ; No         ; |reg_count_top|x7seg:DISP7SEG|Mux0 ;
+--------------------+-----------+---------------+----------------------+------------------------+------------+------------------------------------+


+--------------------------------------------+
; Port Connectivity Checks: "x7seg:DISP7SEG" ;
+----------+-------+----------+--------------+
; Port     ; Type  ; Severity ; Details      ;
+----------+-------+----------+--------------+
; x[15..8] ; Input ; Info     ; Stuck at GND ;
; clr      ; Input ; Info     ; Stuck at GND ;
+----------+-------+----------+--------------+


+-------------------------------------------------------------------------------------------------------------------+
; Port Connectivity Checks: "reg_count:REGCOUNT|adder8:ADDER_BEHAVIORAL"                                            ;
+---------+--------+----------+-------------------------------------------------------------------------------------+
; Port    ; Type   ; Severity ; Details                                                                             ;
+---------+--------+----------+-------------------------------------------------------------------------------------+
; a[7..1] ; Input  ; Info     ; Stuck at GND                                                                        ;
; a[0]    ; Input  ; Info     ; Stuck at VCC                                                                        ;
; cin     ; Input  ; Info     ; Stuck at GND                                                                        ;
; cout    ; Output ; Info     ; Connected to dangling logic. Logic that only feeds a dangling port will be removed. ;
+---------+--------+----------+-------------------------------------------------------------------------------------+


+--------------------------------------------------+
; Port Connectivity Checks: "reg_count:REGCOUNT"   ;
+----------------+-------+----------+--------------+
; Port           ; Type  ; Severity ; Details      ;
+----------------+-------+----------+--------------+
; clr_reg_count  ; Input ; Info     ; Stuck at GND ;
; d_reg_count[7] ; Input ; Info     ; Stuck at VCC ;
; d_reg_count[6] ; Input ; Info     ; Stuck at GND ;
; d_reg_count[5] ; Input ; Info     ; Stuck at VCC ;
; d_reg_count[4] ; Input ; Info     ; Stuck at GND ;
; d_reg_count[3] ; Input ; Info     ; Stuck at VCC ;
; d_reg_count[2] ; Input ; Info     ; Stuck at GND ;
; d_reg_count[1] ; Input ; Info     ; Stuck at VCC ;
; d_reg_count[0] ; Input ; Info     ; Stuck at GND ;
+----------------+-------+----------+--------------+


+--------------------------------------------------+
; Port Connectivity Checks: "clock_pulse:CLKPULSE" ;
+------+-------+----------+------------------------+
; Port ; Type  ; Severity ; Details                ;
+------+-------+----------+------------------------+
; clr  ; Input ; Info     ; Stuck at GND           ;
+------+-------+----------+------------------------+


+-----------------------------------------------------------------------------------------------------------------+
; Port Connectivity Checks: "clkdiv:DIVIDER"                                                                      ;
+-------+--------+----------+-------------------------------------------------------------------------------------+
; Port  ; Type   ; Severity ; Details                                                                             ;
+-------+--------+----------+-------------------------------------------------------------------------------------+
; clr   ; Input  ; Info     ; Stuck at GND                                                                        ;
; clk25 ; Output ; Info     ; Connected to dangling logic. Logic that only feeds a dangling port will be removed. ;
; clk3  ; Output ; Info     ; Connected to dangling logic. Logic that only feeds a dangling port will be removed. ;
+-------+--------+----------+-------------------------------------------------------------------------------------+


+-------------------------------+
; Elapsed Time Per Partition    ;
+----------------+--------------+
; Partition Name ; Elapsed Time ;
+----------------+--------------+
; Top            ; 00:00:00     ;
+----------------+--------------+


+-------------------------------+
; Analysis & Synthesis Messages ;
+-------------------------------+
Info: *******************************************************************
Info: Running Quartus II 64-Bit Analysis & Synthesis
    Info: Version 13.1.0 Build 162 10/23/2013 SJ Web Edition
    Info: Processing started: Tue Aug 22 18:01:55 2023
Info: Command: quartus_map --read_settings_files=on --write_settings_files=off reg_count_top -c reg_count_top
Info (20030): Parallel compilation is enabled and will use 12 of the 12 processors detected
Info (12021): Found 2 design units, including 1 entities, in source file reg_count_top.vhd
    Info (12022): Found design unit 1: reg_count_top-structural
    Info (12023): Found entity 1: reg_count_top
Info (12021): Found 2 design units, including 1 entities, in source file reg_count.vhd
    Info (12022): Found design unit 1: reg_count-structural
    Info (12023): Found entity 1: reg_count
Info (12021): Found 2 design units, including 1 entities, in source file reg.vhd
    Info (12022): Found design unit 1: reg-reg
    Info (12023): Found entity 1: reg
Info (12021): Found 2 design units, including 1 entities, in source file mux88.vhd
    Info (12022): Found design unit 1: mux88-mux88
    Info (12023): Found entity 1: mux88
Info (12021): Found 2 design units, including 1 entities, in source file halfadd.vhd
    Info (12022): Found design unit 1: halfadd-halfadd
    Info (12023): Found entity 1: halfadd
Info (12021): Found 2 design units, including 1 entities, in source file fulladd.vhd
    Info (12022): Found design unit 1: fulladd-fulladd
    Info (12023): Found entity 1: fulladd
Info (12021): Found 2 design units, including 1 entities, in source file clock_pulse.vhd
    Info (12022): Found design unit 1: clock_pulse-clock_pulse
    Info (12023): Found entity 1: clock_pulse
Info (12021): Found 2 design units, including 1 entities, in source file clkdiv.vhd
    Info (12022): Found design unit 1: clkdiv-clkdiv
    Info (12023): Found entity 1: clkdiv
Info (12021): Found 2 design units, including 1 entities, in source file adder8.vhd
    Info (12022): Found design unit 1: adder8-behavioral
    Info (12023): Found entity 1: adder8
Info (12127): Elaborating entity "reg_count_top" for the top level hierarchy
Info (12128): Elaborating entity "clkdiv" for hierarchy "clkdiv:DIVIDER"
Info (12128): Elaborating entity "clock_pulse" for hierarchy "clock_pulse:CLKPULSE"
Info (12128): Elaborating entity "reg_count" for hierarchy "reg_count:REGCOUNT"
Info (12128): Elaborating entity "adder8" for hierarchy "reg_count:REGCOUNT|adder8:ADDER_BEHAVIORAL"
Info (12128): Elaborating entity "mux88" for hierarchy "reg_count:REGCOUNT|mux88:MUX"
Info (12128): Elaborating entity "reg" for hierarchy "reg_count:REGCOUNT|reg:R"
Warning (12125): Using design file x7seg.vhd, which is not specified as a design file for the current project, but contains definitions for 2 design units and 1 entities in project
    Info (12022): Found design unit 1: x7seg-x7seg
    Info (12023): Found entity 1: x7seg
Info (12128): Elaborating entity "x7seg" for hierarchy "x7seg:DISP7SEG"
Warning (13024): Output pins are stuck at VCC or GND
    Warning (13410): Pin "dp" is stuck at VCC
Info (286030): Timing-Driven Synthesis is running
Info (17049): 6 registers lost all their fanouts during netlist optimizations.
Info (16010): Generating hard_block partition "hard_block:auto_generated_inst"
    Info (16011): Adding 0 node(s), including 0 DDIO, 0 PLL, 0 transceiver and 0 LCELL
Info (21057): Implemented 80 device resources after synthesis - the final resource count might be different
    Info (21058): Implemented 3 input pins
    Info (21059): Implemented 12 output pins
    Info (21061): Implemented 65 logic cells
Info: Quartus II 64-Bit Analysis & Synthesis was successful. 0 errors, 3 warnings
    Info: Peak virtual memory: 4694 megabytes
    Info: Processing ended: Tue Aug 22 18:01:59 2023
    Info: Elapsed time: 00:00:04
    Info: Total CPU time (on all processors): 00:00:03


